0 info it worked if it ends with ok
1 verbose cli [ 'C:\\Program Files\\nodejs\\node.exe',
1 verbose cli   'C:\\Program Files\\nodejs\\node_modules\\npm\\bin\\npm-cli.js',
1 verbose cli   'publish' ]
2 info using npm@2.14.3
3 info using node@v4.1.0
4 verbose publish [ '.' ]
5 silly cache add args [ '.', null ]
6 verbose cache add spec .
7 silly cache add parsed spec Result {
7 silly cache add   raw: '.',
7 silly cache add   scope: null,
7 silly cache add   name: null,
7 silly cache add   rawSpec: '.',
7 silly cache add   spec: 'C:\\Users\\slikts\\work\\colorclass',
7 silly cache add   type: 'directory' }
8 verbose addLocalDirectory C:\Users\slikts\AppData\Roaming\npm-cache\colorclass\1.0.4\package.tgz not in flight; packing
9 verbose tar pack [ 'C:\\Users\\slikts\\AppData\\Roaming\\npm-cache\\colorclass\\1.0.4\\package.tgz',
9 verbose tar pack   'C:\\Users\\slikts\\work\\colorclass' ]
10 verbose tarball C:\Users\slikts\AppData\Roaming\npm-cache\colorclass\1.0.4\package.tgz
11 verbose folder C:\Users\slikts\work\colorclass
12 info prepublish colorclass@1.0.4
13 verbose addLocalTarball adding from inside cache C:\Users\slikts\AppData\Roaming\npm-cache\colorclass\1.0.4\package.tgz
14 silly cache afterAdd colorclass@1.0.4
15 verbose afterAdd C:\Users\slikts\AppData\Roaming\npm-cache\colorclass\1.0.4\package\package.json not in flight; writing
16 verbose afterAdd C:\Users\slikts\AppData\Roaming\npm-cache\colorclass\1.0.4\package\package.json written
17 silly publish { name: 'colorclass',
17 silly publish   version: '1.0.4',
17 silly publish   description: 'A simple class to parse CSS colors and mix/add/subtract them',
17 silly publish   main: 'lib/color',
17 silly publish   repository:
17 silly publish    { type: 'git',
17 silly publish      url: 'git+https://github.com/slikts/colorclass.git' },
17 silly publish   keywords: [ 'color', 'css', 'typescript' ],
17 silly publish   author: { name: 'slikts', email: 'dabas@untu.ms' },
17 silly publish   license: 'MIT',
17 silly publish   bugs: { url: 'https://github.com/slikts/colorclass/issues' },
17 silly publish   homepage: 'https://github.com/slikts/colorclass#readme',
17 silly publish   typings: 'lib/color.d.ts',
17 silly publish   devDependencies: { expect: '1.x.x' },
17 silly publish   readme: 'ERROR: No README data found!',
17 silly publish   readmeFilename: 'README.md',
17 silly publish   gitHead: 'eec972a7f1f3bf139bea1b12a164afa7bd2fb833',
17 silly publish   _id: 'colorclass@1.0.4',
17 silly publish   scripts: {},
17 silly publish   _shasum: '03b4f4e66532355cbed2437e7c70cac5b8056556',
17 silly publish   _from: '.' }
18 verbose getPublishConfig undefined
19 silly mapToRegistry name colorclass
20 silly mapToRegistry using default registry
21 silly mapToRegistry registry https://registry.npmjs.org/
22 silly mapToRegistry uri https://registry.npmjs.org/colorclass
23 verbose publish registryBase https://registry.npmjs.org/
24 silly publish uploading C:\Users\slikts\AppData\Roaming\npm-cache\colorclass\1.0.4\package.tgz
25 verbose request uri https://registry.npmjs.org/colorclass
26 verbose request sending authorization for write operation
27 info attempt registry request try #1 at 01:57:22
28 verbose request using bearer token for auth
29 verbose request id 0c7090fd6d73f694
30 http request PUT https://registry.npmjs.org/colorclass
31 http 403 https://registry.npmjs.org/colorclass
32 verbose headers { 'content-type': 'application/json',
32 verbose headers   'cache-control': 'max-age=60',
32 verbose headers   'content-length': '95',
32 verbose headers   'accept-ranges': 'bytes',
32 verbose headers   date: 'Mon, 21 Sep 2015 22:57:24 GMT',
32 verbose headers   via: '1.1 varnish',
32 verbose headers   connection: 'keep-alive',
32 verbose headers   'x-served-by': 'cache-fra1250-FRA',
32 verbose headers   'x-cache': 'MISS',
32 verbose headers   'x-cache-hits': '0',
32 verbose headers   'x-timer': 'S1442876243.734780,VS0,VE1011' }
33 verbose request invalidating C:\Users\slikts\AppData\Roaming\npm-cache\registry.npmjs.org\colorclass on PUT
34 error publish Failed PUT 403
35 verbose stack Error: "You cannot publish over the previously published version 1.0.4." : colorclass
35 verbose stack     at makeError (C:\Program Files\nodejs\node_modules\npm\node_modules\npm-registry-client\lib\request.js:263:12)
35 verbose stack     at CachingRegistryClient.<anonymous> (C:\Program Files\nodejs\node_modules\npm\node_modules\npm-registry-client\lib\request.js:251:14)
35 verbose stack     at Request._callback (C:\Program Files\nodejs\node_modules\npm\node_modules\npm-registry-client\lib\request.js:171:14)
35 verbose stack     at Request.self.callback (C:\Program Files\nodejs\node_modules\npm\node_modules\request\request.js:198:22)
35 verbose stack     at emitTwo (events.js:87:13)
35 verbose stack     at Request.emit (events.js:172:7)
35 verbose stack     at Request.<anonymous> (C:\Program Files\nodejs\node_modules\npm\node_modules\request\request.js:1073:14)
35 verbose stack     at emitOne (events.js:82:20)
35 verbose stack     at Request.emit (events.js:169:7)
35 verbose stack     at IncomingMessage.<anonymous> (C:\Program Files\nodejs\node_modules\npm\node_modules\request\request.js:1019:12)
36 verbose statusCode 403
37 verbose pkgid colorclass
38 verbose cwd C:\Users\slikts\work\colorclass
39 error Windows_NT 6.1.7601
40 error argv "C:\\Program Files\\nodejs\\node.exe" "C:\\Program Files\\nodejs\\node_modules\\npm\\bin\\npm-cli.js" "publish"
41 error node v4.1.0
42 error npm  v2.14.3
43 error code E403
44 error "You cannot publish over the previously published version 1.0.4." : colorclass
45 error If you need help, you may report this error at:
45 error     <https://github.com/npm/npm/issues>
46 verbose exit [ 1, true ]
